<?xml version="1.0" encoding="UTF-8"?>
<!-- Generated by org.testng.reporters.JUnitReportReporter -->
<testsuite hostname="LAPTOP-DG3O9CD1" failures="0" tests="2" name="Goibibo.DBHomeMonitorTest" time="0.368" errors="0" timestamp="2024-10-20T16:11:10 IST" skipped="0">
  <testcase classname="Goibibo.DBHomeMonitorTest" name="clickOnMonitor" time="0.238"/>
  <system-out/>
  <testcase classname="Goibibo.DBHomeMonitorTest" name="OnMonitors" time="0.130"/>
  <system-out/>
</testsuite> <!-- Goibibo.DBHomeMonitorTest -->
