<?xml version="1.0" encoding="UTF-8"?>
<!-- Generated by org.testng.reporters.JUnitReportReporter -->
<testsuite hostname="LAPTOP-DG3O9CD1" failures="0" tests="1" name="Goibibo.DBHomePhoneTest" time="0.676" errors="0" timestamp="2024-10-20T12:00:14 IST" skipped="0">
  <testcase classname="Goibibo.DBHomePhoneTest" name="TestLogin" time="0.676"/>
  <system-out/>
</testsuite> <!-- Goibibo.DBHomePhoneTest -->
