<?xml version="1.0" encoding="UTF-8"?>
<!-- Generated by org.testng.reporters.JUnitReportReporter -->
<testsuite hostname="LAPTOP-DG3O9CD1" failures="0" tests="1" name="Goibibo.DBHomePageTest" time="0.982" errors="0" timestamp="2024-10-20T11:19:45 IST" skipped="0">
  <testcase classname="Goibibo.DBHomePageTest" name="TestLogin" time="0.982"/>
  <system-out/>
</testsuite> <!-- Goibibo.DBHomePageTest -->
