<?xml version="1.0" encoding="UTF-8"?>
<!-- Generated by org.testng.reporters.JUnitReportReporter -->
<testsuite hostname="LAPTOP-DG3O9CD1" failures="0" tests="1" name="Goibibo.demoblaze" time="0.722" errors="0" timestamp="2024-10-20T10:42:15 IST" skipped="0">
  <testcase classname="Goibibo.demoblaze" name="TestLogin" time="0.722"/>
  <system-out/>
</testsuite> <!-- Goibibo.demoblaze -->
